{"/Users/haq3/Code/react-training/07-testing/client/components/App/App.jsx": {"path":"/Users/haq3/Code/react-training/07-testing/client/components/App/App.jsx","statementMap":{"0":{"start":{"line":5,"column":4},"end":{"line":8,"column":14}}},"fnMap":{"0":{"name":"(anonymous_0)","decl":{"start":{"line":4,"column":2},"end":{"line":4,"column":3}},"loc":{"start":{"line":4,"column":11},"end":{"line":9,"column":3}},"line":4}},"branchMap":{},"s":{"0":0},"f":{"0":0},"b":{},"_coverageSchema":"332fd63041d2c1bcb487cc26dd0d5f7d97098a6c","hash":"2e422e144d031c63f7a239c631040009c34b95e7"}
}
